{"/Users/ali/dev/cc-smart-procurement/frontend/src/components/contract/ContractRiskOverview.vue": {"path":"/Users/ali/dev/cc-smart-procurement/frontend/src/components/contract/ContractRiskOverview.vue","statementMap":{"0":{"start":{"line":19,"column":7},"end":{"line":19,"column":null}},"1":{"start":{"line":20,"column":9},"end":{"line":20,"column":null}},"2":{"start":{"line":25,"column":13},"end":{"line":25,"column":null}},"3":{"start":{"line":32,"column":11},"end":{"line":32,"column":null}},"4":{"start":{"line":39,"column":9},"end":{"line":39,"column":null}},"5":{"start":{"line":40,"column":11},"end":{"line":40,"column":null}},"6":{"start":{"line":41,"column":13},"end":{"line":41,"column":null}},"7":{"start":{"line":42,"column":15},"end":{"line":42,"column":33}},"8":{"start":{"line":43,"column":15},"end":{"line":43,"column":null}},"9":{"start":{"line":44,"column":17},"end":{"line":44,"column":39}},"10":{"start":{"line":48,"column":13},"end":{"line":48,"column":null}},"11":{"start":{"line":49,"column":15},"end":{"line":49,"column":33}},"12":{"start":{"line":50,"column":15},"end":{"line":50,"column":null}},"13":{"start":{"line":51,"column":17},"end":{"line":51,"column":39}},"14":{"start":{"line":55,"column":13},"end":{"line":55,"column":null}},"15":{"start":{"line":56,"column":15},"end":{"line":56,"column":33}},"16":{"start":{"line":57,"column":15},"end":{"line":57,"column":null}},"17":{"start":{"line":58,"column":17},"end":{"line":58,"column":39}},"18":{"start":{"line":62,"column":13},"end":{"line":62,"column":null}},"19":{"start":{"line":63,"column":15},"end":{"line":63,"column":33}},"20":{"start":{"line":64,"column":15},"end":{"line":64,"column":null}},"21":{"start":{"line":65,"column":17},"end":{"line":65,"column":39}},"22":{"start":{"line":19,"column":2},"end":{"line":66,"column":47}},"23":{"start":{"line":42,"column":64},"end":{"line":42,"column":74}},"24":{"start":{"line":49,"column":53},"end":{"line":49,"column":63}},"25":{"start":{"line":56,"column":56},"end":{"line":56,"column":66}},"26":{"start":{"line":63,"column":54},"end":{"line":63,"column":64}}},"fnMap":{"0":{"name":"(anonymous_0)","decl":{"start":{"line":42,"column":42},"end":{"line":42,"column":64}},"loc":{"start":{"line":42,"column":64},"end":{"line":42,"column":74}},"line":42},"1":{"name":"(anonymous_1)","decl":{"start":{"line":49,"column":42},"end":{"line":49,"column":53}},"loc":{"start":{"line":49,"column":53},"end":{"line":49,"column":63}},"line":49},"2":{"name":"(anonymous_2)","decl":{"start":{"line":56,"column":42},"end":{"line":56,"column":56}},"loc":{"start":{"line":56,"column":56},"end":{"line":56,"column":66}},"line":56},"3":{"name":"(anonymous_3)","decl":{"start":{"line":63,"column":42},"end":{"line":63,"column":54}},"loc":{"start":{"line":63,"column":54},"end":{"line":63,"column":64}},"line":63}},"branchMap":{"0":{"loc":{"start":{"line":29,"column":10},"end":{"line":29,"column":50}},"type":"binary-expr","locations":[{"start":{"line":29,"column":10},"end":{"line":29,"column":15}},{"start":{"line":29,"column":10},"end":{"line":29,"column":50}}],"line":29},"1":{"loc":{"start":{"line":36,"column":8},"end":{"line":36,"column":51}},"type":"binary-expr","locations":[{"start":{"line":36,"column":8},"end":{"line":36,"column":13}},{"start":{"line":36,"column":8},"end":{"line":36,"column":51}}],"line":36},"2":{"loc":{"start":{"line":44,"column":39},"end":{"line":44,"column":87}},"type":"binary-expr","locations":[{"start":{"line":44,"column":39},"end":{"line":44,"column":87}},{"start":{"line":44,"column":66},"end":{"line":44,"column":87}}],"line":44},"3":{"loc":{"start":{"line":45,"column":12},"end":{"line":45,"column":45}},"type":"binary-expr","locations":[{"start":{"line":45,"column":12},"end":{"line":45,"column":17}},{"start":{"line":45,"column":12},"end":{"line":45,"column":45}}],"line":45},"4":{"loc":{"start":{"line":51,"column":39},"end":{"line":51,"column":87}},"type":"binary-expr","locations":[{"start":{"line":51,"column":39},"end":{"line":51,"column":87}},{"start":{"line":51,"column":66},"end":{"line":51,"column":87}}],"line":51},"5":{"loc":{"start":{"line":52,"column":12},"end":{"line":52,"column":45}},"type":"binary-expr","locations":[{"start":{"line":52,"column":12},"end":{"line":52,"column":17}},{"start":{"line":52,"column":12},"end":{"line":52,"column":45}}],"line":52},"6":{"loc":{"start":{"line":58,"column":39},"end":{"line":58,"column":89}},"type":"binary-expr","locations":[{"start":{"line":58,"column":39},"end":{"line":58,"column":89}},{"start":{"line":58,"column":66},"end":{"line":58,"column":89}}],"line":58},"7":{"loc":{"start":{"line":59,"column":12},"end":{"line":59,"column":45}},"type":"binary-expr","locations":[{"start":{"line":59,"column":12},"end":{"line":59,"column":17}},{"start":{"line":59,"column":12},"end":{"line":59,"column":45}}],"line":59},"8":{"loc":{"start":{"line":66,"column":12},"end":{"line":66,"column":47}},"type":"binary-expr","locations":[{"start":{"line":66,"column":12},"end":{"line":66,"column":17}},{"start":{"line":66,"column":12},"end":{"line":66,"column":47}}],"line":66}},"s":{"0":1,"1":1,"2":1,"3":1,"4":1,"5":1,"6":1,"7":1,"8":1,"9":1,"10":1,"11":1,"12":1,"13":1,"14":1,"15":1,"16":1,"17":1,"18":1,"19":1,"20":1,"21":1,"22":1,"23":0,"24":0,"25":0,"26":0},"f":{"0":0,"1":0,"2":0,"3":0},"b":{"0":[1,1],"1":[1,1],"2":[1,0],"3":[1,1],"4":[1,0],"5":[1,1],"6":[1,0],"7":[1,1],"8":[1,1]},"meta":{"lastBranch":0,"lastFunction":0,"lastStatement":0,"seen":{}}}
,"/Users/ali/dev/cc-smart-procurement/frontend/src/components/price/PriceSearchCard.vue": {"path":"/Users/ali/dev/cc-smart-procurement/frontend/src/components/price/PriceSearchCard.vue","statementMap":{"0":{"start":{"line":2,"column":14},"end":{"line":2,"column":null}},"1":{"start":{"line":17,"column":13},"end":{"line":17,"column":null}},"2":{"start":{"line":19,"column":20},"end":{"line":24,"column":null}},"3":{"start":{"line":20,"column":2},"end":{"line":23,"column":null}},"4":{"start":{"line":28,"column":7},"end":{"line":28,"column":null}},"5":{"start":{"line":29,"column":9},"end":{"line":29,"column":null}},"6":{"start":{"line":28,"column":2},"end":{"line":79,"column":20}},"7":{"start":{"line":31,"column":25},"end":{"line":31,"column":35}},"8":{"start":{"line":44,"column":21},"end":{"line":79,"column":20}},"9":{"start":{"line":43,"column":20},"end":{"line":42,"column":86}},"10":{"start":{"line":40,"column":38},"end":{"line":40,"column":null}},"11":{"start":{"line":42,"column":46},"end":{"line":42,"column":86}},"12":{"start":{"line":42,"column":10},"end":{"line":42,"column":86}},"13":{"start":{"line":52,"column":10},"end":{"line":51,"column":null}},"14":{"start":{"line":51,"column":38},"end":{"line":51,"column":null}},"15":{"start":{"line":62,"column":10},"end":{"line":70,"column":null}},"16":{"start":{"line":61,"column":38},"end":{"line":61,"column":null}},"17":{"start":{"line":70,"column":38},"end":{"line":70,"column":null}},"18":{"start":{"line":76,"column":20},"end":{"line":79,"column":20}},"19":{"start":{"line":74,"column":61},"end":{"line":74,"column":null}},"20":{"start":{"line":75,"column":39},"end":{"line":76,"column":20}},"21":{"start":{"line":75,"column":29},"end":{"line":75,"column":39}},"22":{"start":{"line":77,"column":27},"end":{"line":77,"column":null}},"23":{"start":{"line":78,"column":45},"end":{"line":79,"column":20}},"24":{"start":{"line":78,"column":35},"end":{"line":78,"column":45}}},"fnMap":{"0":{"name":"(anonymous_0)","decl":{"start":{"line":19,"column":20},"end":{"line":19,"column":21}},"loc":{"start":{"line":19,"column":36},"end":{"line":24,"column":null}},"line":19},"1":{"name":"(anonymous_1)","decl":{"start":{"line":31,"column":15},"end":{"line":31,"column":25}},"loc":{"start":{"line":31,"column":25},"end":{"line":31,"column":35}},"line":31},"2":{"name":"(anonymous_2)","decl":{"start":{"line":34,"column":6},"end":{"line":34,"column":20}},"loc":{"start":{"line":44,"column":21},"end":{"line":79,"column":20}},"line":44},"3":{"name":"(anonymous_3)","decl":{"start":{"line":35,"column":8},"end":{"line":35,"column":null}},"loc":{"start":{"line":43,"column":20},"end":{"line":42,"column":86}},"line":43},"4":{"name":"(anonymous_4)","decl":{"start":{"line":40,"column":29},"end":{"line":40,"column":32}},"loc":{"start":{"line":40,"column":38},"end":{"line":40,"column":null}},"line":40},"5":{"name":"(anonymous_5)","decl":{"start":{"line":42,"column":21},"end":{"line":42,"column":28}},"loc":{"start":{"line":42,"column":46},"end":{"line":42,"column":86}},"line":42},"6":{"name":"(anonymous_6)","decl":{"start":{"line":42,"column":45},"end":{"line":42,"column":46}},"loc":{"start":{"line":42,"column":31},"end":{"line":42,"column":86}},"line":42},"7":{"name":"(anonymous_7)","decl":{"start":{"line":46,"column":8},"end":{"line":46,"column":null}},"loc":{"start":{"line":52,"column":10},"end":{"line":51,"column":null}},"line":52},"8":{"name":"(anonymous_8)","decl":{"start":{"line":51,"column":29},"end":{"line":51,"column":32}},"loc":{"start":{"line":51,"column":38},"end":{"line":51,"column":null}},"line":51},"9":{"name":"(anonymous_9)","decl":{"start":{"line":55,"column":8},"end":{"line":55,"column":null}},"loc":{"start":{"line":62,"column":10},"end":{"line":70,"column":null}},"line":62},"10":{"name":"(anonymous_10)","decl":{"start":{"line":61,"column":29},"end":{"line":61,"column":32}},"loc":{"start":{"line":61,"column":38},"end":{"line":61,"column":null}},"line":61},"11":{"name":"(anonymous_11)","decl":{"start":{"line":70,"column":29},"end":{"line":70,"column":32}},"loc":{"start":{"line":70,"column":38},"end":{"line":70,"column":null}},"line":70},"12":{"name":"(anonymous_12)","decl":{"start":{"line":74,"column":8},"end":{"line":74,"column":19}},"loc":{"start":{"line":76,"column":20},"end":{"line":79,"column":20}},"line":76},"13":{"name":"(anonymous_13)","decl":{"start":{"line":74,"column":59},"end":{"line":74,"column":61}},"loc":{"start":{"line":74,"column":61},"end":{"line":74,"column":null}},"line":74},"14":{"name":"(anonymous_14)","decl":{"start":{"line":75,"column":10},"end":{"line":75,"column":19}},"loc":{"start":{"line":75,"column":39},"end":{"line":76,"column":20}},"line":75},"15":{"name":"(anonymous_15)","decl":{"start":{"line":75,"column":19},"end":{"line":75,"column":29}},"loc":{"start":{"line":75,"column":29},"end":{"line":75,"column":39}},"line":75},"16":{"name":"(anonymous_16)","decl":{"start":{"line":77,"column":25},"end":{"line":77,"column":27}},"loc":{"start":{"line":77,"column":27},"end":{"line":77,"column":null}},"line":77},"17":{"name":"(anonymous_17)","decl":{"start":{"line":78,"column":10},"end":{"line":78,"column":19}},"loc":{"start":{"line":78,"column":45},"end":{"line":79,"column":20}},"line":78},"18":{"name":"(anonymous_18)","decl":{"start":{"line":78,"column":19},"end":{"line":78,"column":35}},"loc":{"start":{"line":78,"column":35},"end":{"line":78,"column":45}},"line":78}},"branchMap":{"0":{"loc":{"start":{"line":30,"column":6},"end":{"line":30,"column":19}},"type":"binary-expr","locations":[{"start":{"line":30,"column":6},"end":{"line":30,"column":10}},{"start":{"line":30,"column":6},"end":{"line":30,"column":19}}],"line":30},"1":{"loc":{"start":{"line":40,"column":29},"end":{"line":40,"column":null}},"type":"binary-expr","locations":[{"start":{"line":40,"column":29},"end":{"line":40,"column":32}},{"start":{"line":40,"column":29},"end":{"line":40,"column":null}}],"line":40},"2":{"loc":{"start":{"line":51,"column":29},"end":{"line":51,"column":null}},"type":"binary-expr","locations":[{"start":{"line":51,"column":29},"end":{"line":51,"column":32}},{"start":{"line":51,"column":29},"end":{"line":51,"column":null}}],"line":51},"3":{"loc":{"start":{"line":61,"column":29},"end":{"line":61,"column":null}},"type":"binary-expr","locations":[{"start":{"line":61,"column":29},"end":{"line":61,"column":32}},{"start":{"line":61,"column":29},"end":{"line":61,"column":null}}],"line":61},"4":{"loc":{"start":{"line":63,"column":8},"end":{"line":63,"column":46}},"type":"binary-expr","locations":[{"start":{"line":63,"column":8},"end":{"line":63,"column":14}},{"start":{"line":63,"column":8},"end":{"line":63,"column":46}}],"line":63},"5":{"loc":{"start":{"line":70,"column":29},"end":{"line":70,"column":null}},"type":"binary-expr","locations":[{"start":{"line":70,"column":29},"end":{"line":70,"column":32}},{"start":{"line":70,"column":29},"end":{"line":70,"column":null}}],"line":70},"6":{"loc":{"start":{"line":74,"column":59},"end":{"line":74,"column":null}},"type":"binary-expr","locations":[{"start":{"line":74,"column":59},"end":{"line":74,"column":61}},{"start":{"line":74,"column":59},"end":{"line":74,"column":null}}],"line":74},"7":{"loc":{"start":{"line":75,"column":39},"end":{"line":76,"column":20}},"type":"binary-expr","locations":[{"start":{"line":75,"column":39},"end":{"line":75,"column":null}},{"start":{"line":75,"column":39},"end":{"line":76,"column":20}}],"line":75},"8":{"loc":{"start":{"line":77,"column":25},"end":{"line":77,"column":null}},"type":"binary-expr","locations":[{"start":{"line":77,"column":25},"end":{"line":77,"column":27}},{"start":{"line":77,"column":25},"end":{"line":77,"column":null}}],"line":77},"9":{"loc":{"start":{"line":78,"column":45},"end":{"line":79,"column":20}},"type":"binary-expr","locations":[{"start":{"line":78,"column":45},"end":{"line":78,"column":null}},{"start":{"line":78,"column":45},"end":{"line":79,"column":20}}],"line":78}},"s":{"0":1,"1":1,"2":1,"3":0,"4":1,"5":1,"6":1,"7":1,"8":1,"9":2,"10":0,"11":3,"12":3,"13":2,"14":0,"15":1,"16":0,"17":0,"18":1,"19":1,"20":2,"21":1,"22":1,"23":2,"24":1},"f":{"0":0,"1":1,"2":1,"3":2,"4":0,"5":3,"6":3,"7":2,"8":0,"9":1,"10":0,"11":0,"12":1,"13":1,"14":2,"15":1,"16":1,"17":2,"18":1},"b":{"0":[1,1],"1":[2,1],"2":[2,1],"3":[1,1],"4":[1,1],"5":[1,1],"6":[1,1],"7":[2,1],"8":[1,1],"9":[2,1]},"meta":{"lastBranch":0,"lastFunction":0,"lastStatement":0,"seen":{}}}
,"/Users/ali/dev/cc-smart-procurement/frontend/src/components/price/PriceStatsCard.vue": {"path":"/Users/ali/dev/cc-smart-procurement/frontend/src/components/price/PriceStatsCard.vue","statementMap":{"0":{"start":{"line":2,"column":14},"end":{"line":2,"column":null}},"1":{"start":{"line":15,"column":7},"end":{"line":15,"column":null}},"2":{"start":{"line":16,"column":9},"end":{"line":16,"column":null}},"3":{"start":{"line":20,"column":9},"end":{"line":20,"column":null}},"4":{"start":{"line":21,"column":11},"end":{"line":21,"column":null}},"5":{"start":{"line":23,"column":13},"end":{"line":23,"column":39}},"6":{"start":{"line":25,"column":11},"end":{"line":25,"column":null}},"7":{"start":{"line":27,"column":13},"end":{"line":27,"column":39}},"8":{"start":{"line":29,"column":11},"end":{"line":29,"column":null}},"9":{"start":{"line":31,"column":13},"end":{"line":31,"column":39}},"10":{"start":{"line":15,"column":2},"end":{"line":31,"column":75}},"11":{"start":{"line":18,"column":28},"end":{"line":18,"column":38}}},"fnMap":{"0":{"name":"(anonymous_0)","decl":{"start":{"line":18,"column":15},"end":{"line":18,"column":28}},"loc":{"start":{"line":18,"column":28},"end":{"line":18,"column":38}},"line":18}},"branchMap":{"0":{"loc":{"start":{"line":17,"column":6},"end":{"line":17,"column":19}},"type":"binary-expr","locations":[{"start":{"line":17,"column":6},"end":{"line":17,"column":10}},{"start":{"line":17,"column":6},"end":{"line":17,"column":19}}],"line":17},"1":{"loc":{"start":{"line":22,"column":8},"end":{"line":22,"column":41}},"type":"binary-expr","locations":[{"start":{"line":22,"column":8},"end":{"line":22,"column":13}},{"start":{"line":22,"column":8},"end":{"line":22,"column":41}}],"line":22},"2":{"loc":{"start":{"line":26,"column":8},"end":{"line":26,"column":41}},"type":"binary-expr","locations":[{"start":{"line":26,"column":8},"end":{"line":26,"column":13}},{"start":{"line":26,"column":8},"end":{"line":26,"column":41}}],"line":26},"3":{"loc":{"start":{"line":30,"column":8},"end":{"line":30,"column":41}},"type":"binary-expr","locations":[{"start":{"line":30,"column":8},"end":{"line":30,"column":13}},{"start":{"line":30,"column":8},"end":{"line":30,"column":41}}],"line":30}},"s":{"0":1,"1":1,"2":1,"3":1,"4":1,"5":1,"6":1,"7":1,"8":1,"9":1,"10":1,"11":0},"f":{"0":0},"b":{"0":[1,1],"1":[1,1],"2":[1,1],"3":[1,1]},"meta":{"lastBranch":0,"lastFunction":0,"lastStatement":0,"seen":{}}}
,"/Users/ali/dev/cc-smart-procurement/frontend/src/components/requirements/RequirementsScoreOverview.vue": {"path":"/Users/ali/dev/cc-smart-procurement/frontend/src/components/requirements/RequirementsScoreOverview.vue","statementMap":{"0":{"start":{"line":27,"column":7},"end":{"line":27,"column":null}},"1":{"start":{"line":28,"column":9},"end":{"line":28,"column":null}},"2":{"start":{"line":33,"column":13},"end":{"line":33,"column":null}},"3":{"start":{"line":40,"column":11},"end":{"line":40,"column":null}},"4":{"start":{"line":50,"column":9},"end":{"line":50,"column":null}},"5":{"start":{"line":51,"column":11},"end":{"line":51,"column":null}},"6":{"start":{"line":52,"column":13},"end":{"line":52,"column":null}},"7":{"start":{"line":53,"column":15},"end":{"line":53,"column":33}},"8":{"start":{"line":54,"column":15},"end":{"line":54,"column":null}},"9":{"start":{"line":55,"column":17},"end":{"line":55,"column":39}},"10":{"start":{"line":59,"column":13},"end":{"line":59,"column":null}},"11":{"start":{"line":60,"column":15},"end":{"line":60,"column":33}},"12":{"start":{"line":61,"column":15},"end":{"line":61,"column":null}},"13":{"start":{"line":62,"column":17},"end":{"line":62,"column":39}},"14":{"start":{"line":66,"column":13},"end":{"line":66,"column":null}},"15":{"start":{"line":67,"column":15},"end":{"line":67,"column":33}},"16":{"start":{"line":68,"column":15},"end":{"line":68,"column":null}},"17":{"start":{"line":69,"column":17},"end":{"line":69,"column":39}},"18":{"start":{"line":73,"column":13},"end":{"line":73,"column":null}},"19":{"start":{"line":74,"column":15},"end":{"line":74,"column":33}},"20":{"start":{"line":75,"column":15},"end":{"line":75,"column":null}},"21":{"start":{"line":76,"column":17},"end":{"line":76,"column":39}},"22":{"start":{"line":27,"column":2},"end":{"line":77,"column":46}},"23":{"start":{"line":45,"column":85},"end":{"line":45,"column":85}},"24":{"start":{"line":46,"column":83},"end":{"line":46,"column":83}},"25":{"start":{"line":53,"column":57},"end":{"line":53,"column":67}},"26":{"start":{"line":60,"column":53},"end":{"line":60,"column":63}},"27":{"start":{"line":67,"column":56},"end":{"line":67,"column":66}},"28":{"start":{"line":74,"column":54},"end":{"line":74,"column":64}}},"fnMap":{"0":{"name":"(anonymous_0)","decl":{"start":{"line":45,"column":67},"end":{"line":45,"column":70}},"loc":{"start":{"line":45,"column":85},"end":{"line":45,"column":85}},"line":45},"1":{"name":"(anonymous_1)","decl":{"start":{"line":46,"column":66},"end":{"line":46,"column":69}},"loc":{"start":{"line":46,"column":83},"end":{"line":46,"column":83}},"line":46},"2":{"name":"(anonymous_2)","decl":{"start":{"line":53,"column":42},"end":{"line":53,"column":57}},"loc":{"start":{"line":53,"column":57},"end":{"line":53,"column":67}},"line":53},"3":{"name":"(anonymous_3)","decl":{"start":{"line":60,"column":42},"end":{"line":60,"column":53}},"loc":{"start":{"line":60,"column":53},"end":{"line":60,"column":63}},"line":60},"4":{"name":"(anonymous_4)","decl":{"start":{"line":67,"column":42},"end":{"line":67,"column":56}},"loc":{"start":{"line":67,"column":56},"end":{"line":67,"column":66}},"line":67},"5":{"name":"(anonymous_5)","decl":{"start":{"line":74,"column":42},"end":{"line":74,"column":54}},"loc":{"start":{"line":74,"column":54},"end":{"line":74,"column":64}},"line":74}},"branchMap":{"0":{"loc":{"start":{"line":37,"column":10},"end":{"line":37,"column":46}},"type":"binary-expr","locations":[{"start":{"line":37,"column":10},"end":{"line":37,"column":15}},{"start":{"line":37,"column":10},"end":{"line":37,"column":46}}],"line":37},"1":{"loc":{"start":{"line":44,"column":41},"end":{"line":46,"column":83}},"type":"cond-expr","locations":[{"start":{"line":44,"column":8},"end":{"line":46,"column":83}}],"line":44},"2":{"loc":{"start":{"line":44,"column":41},"end":{"line":44,"column":68}},"type":"binary-expr","locations":[{"start":{"line":44,"column":41},"end":{"line":44,"column":53}},{"start":{"line":44,"column":57},"end":{"line":44,"column":68}}],"line":44},"3":{"loc":{"start":{"line":45,"column":24},"end":{"line":45,"column":85}},"type":"cond-expr","locations":[{"start":{"line":45,"column":10},"end":{"line":45,"column":85}}],"line":45},"4":{"loc":{"start":{"line":46,"column":24},"end":{"line":46,"column":83}},"type":"cond-expr","locations":[{"start":{"line":46,"column":10},"end":{"line":46,"column":83}}],"line":46},"5":{"loc":{"start":{"line":56,"column":12},"end":{"line":56,"column":44}},"type":"binary-expr","locations":[{"start":{"line":56,"column":12},"end":{"line":56,"column":17}},{"start":{"line":56,"column":12},"end":{"line":56,"column":44}}],"line":56},"6":{"loc":{"start":{"line":63,"column":12},"end":{"line":63,"column":44}},"type":"binary-expr","locations":[{"start":{"line":63,"column":12},"end":{"line":63,"column":17}},{"start":{"line":63,"column":12},"end":{"line":63,"column":44}}],"line":63},"7":{"loc":{"start":{"line":70,"column":12},"end":{"line":70,"column":44}},"type":"binary-expr","locations":[{"start":{"line":70,"column":12},"end":{"line":70,"column":17}},{"start":{"line":70,"column":12},"end":{"line":70,"column":44}}],"line":70},"8":{"loc":{"start":{"line":77,"column":12},"end":{"line":77,"column":46}},"type":"binary-expr","locations":[{"start":{"line":77,"column":12},"end":{"line":77,"column":17}},{"start":{"line":77,"column":12},"end":{"line":77,"column":46}}],"line":77}},"s":{"0":1,"1":1,"2":1,"3":1,"4":1,"5":1,"6":1,"7":1,"8":1,"9":1,"10":1,"11":1,"12":1,"13":1,"14":1,"15":1,"16":1,"17":1,"18":1,"19":1,"20":1,"21":1,"22":1,"23":0,"24":0,"25":0,"26":0,"27":0,"28":0},"f":{"0":0,"1":0,"2":0,"3":0,"4":0,"5":0},"b":{"0":[1,1],"1":[1,null],"2":[1,0],"3":[1,null],"4":[1,null],"5":[1,1],"6":[1,1],"7":[1,1],"8":[1,1]},"meta":{"lastBranch":0,"lastFunction":0,"lastStatement":0,"seen":{}}}
,"/Users/ali/dev/cc-smart-procurement/frontend/src/composables/useAnalysisWorkflow.js": {"path":"/Users/ali/dev/cc-smart-procurement/frontend/src/composables/useAnalysisWorkflow.js","statementMap":{"0":{"start":{"line":5,"column":17},"end":{"line":5,"column":null}},"1":{"start":{"line":6,"column":15},"end":{"line":6,"column":null}},"2":{"start":{"line":7,"column":16},"end":{"line":7,"column":null}},"3":{"start":{"line":8,"column":17},"end":{"line":8,"column":null}},"4":{"start":{"line":9,"column":15},"end":{"line":9,"column":null}},"5":{"start":{"line":11,"column":22},"end":{"line":24,"column":null}},"6":{"start":{"line":12,"column":4},"end":{"line":12,"column":null}},"7":{"start":{"line":13,"column":4},"end":{"line":13,"column":null}},"8":{"start":{"line":14,"column":4},"end":{"line":23,"column":null}},"9":{"start":{"line":15,"column":18},"end":{"line":15,"column":null}},"10":{"start":{"line":16,"column":6},"end":{"line":16,"column":null}},"11":{"start":{"line":17,"column":6},"end":{"line":17,"column":null}},"12":{"start":{"line":19,"column":6},"end":{"line":19,"column":null}},"13":{"start":{"line":20,"column":6},"end":{"line":20,"column":null}},"14":{"start":{"line":22,"column":6},"end":{"line":22,"column":null}},"15":{"start":{"line":26,"column":23},"end":{"line":36,"column":null}},"16":{"start":{"line":27,"column":4},"end":{"line":35,"column":null}},"17":{"start":{"line":28,"column":18},"end":{"line":28,"column":null}},"18":{"start":{"line":29,"column":6},"end":{"line":29,"column":null}},"19":{"start":{"line":30,"column":6},"end":{"line":30,"column":null}},"20":{"start":{"line":31,"column":6},"end":{"line":31,"column":null}},"21":{"start":{"line":33,"column":6},"end":{"line":33,"column":null}},"22":{"start":{"line":34,"column":6},"end":{"line":34,"column":null}},"23":{"start":{"line":38,"column":23},"end":{"line":51,"column":null}},"24":{"start":{"line":39,"column":4},"end":{"line":39,"column":null}},"25":{"start":{"line":40,"column":4},"end":{"line":40,"column":null}},"26":{"start":{"line":41,"column":4},"end":{"line":50,"column":null}},"27":{"start":{"line":42,"column":18},"end":{"line":42,"column":null}},"28":{"start":{"line":43,"column":6},"end":{"line":43,"column":null}},"29":{"start":{"line":44,"column":6},"end":{"line":44,"column":null}},"30":{"start":{"line":46,"column":6},"end":{"line":46,"column":null}},"31":{"start":{"line":47,"column":6},"end":{"line":47,"column":null}},"32":{"start":{"line":49,"column":6},"end":{"line":49,"column":null}},"33":{"start":{"line":53,"column":22},"end":{"line":55,"column":null}},"34":{"start":{"line":54,"column":4},"end":{"line":54,"column":null}},"35":{"start":{"line":57,"column":2},"end":{"line":67,"column":null}}},"fnMap":{"0":{"name":"useAnalysisWorkflow","decl":{"start":{"line":4,"column":16},"end":{"line":4,"column":35}},"loc":{"start":{"line":4,"column":38},"end":{"line":68,"column":null}},"line":4},"1":{"name":"(anonymous_1)","decl":{"start":{"line":11,"column":22},"end":{"line":11,"column":27}},"loc":{"start":{"line":11,"column":41},"end":{"line":24,"column":null}},"line":11},"2":{"name":"(anonymous_2)","decl":{"start":{"line":26,"column":23},"end":{"line":26,"column":28}},"loc":{"start":{"line":26,"column":58},"end":{"line":36,"column":null}},"line":26},"3":{"name":"(anonymous_3)","decl":{"start":{"line":38,"column":23},"end":{"line":38,"column":28}},"loc":{"start":{"line":38,"column":44},"end":{"line":51,"column":null}},"line":38},"4":{"name":"(anonymous_4)","decl":{"start":{"line":53,"column":22},"end":{"line":53,"column":23}},"loc":{"start":{"line":53,"column":28},"end":{"line":55,"column":null}},"line":53}},"branchMap":{"0":{"loc":{"start":{"line":19,"column":20},"end":{"line":19,"column":null}},"type":"binary-expr","locations":[{"start":{"line":19,"column":20},"end":{"line":19,"column":29}},{"start":{"line":19,"column":33},"end":{"line":19,"column":null}}],"line":19},"1":{"loc":{"start":{"line":26,"column":30},"end":{"line":26,"column":38}},"type":"default-arg","locations":[{"start":{"line":26,"column":37},"end":{"line":26,"column":38}}],"line":26},"2":{"loc":{"start":{"line":26,"column":40},"end":{"line":26,"column":53}},"type":"default-arg","locations":[{"start":{"line":26,"column":51},"end":{"line":26,"column":53}}],"line":26},"3":{"loc":{"start":{"line":29,"column":22},"end":{"line":29,"column":null}},"type":"binary-expr","locations":[{"start":{"line":29,"column":22},"end":{"line":29,"column":30}},{"start":{"line":29,"column":34},"end":{"line":29,"column":null}}],"line":29},"4":{"loc":{"start":{"line":30,"column":20},"end":{"line":30,"column":null}},"type":"binary-expr","locations":[{"start":{"line":30,"column":20},"end":{"line":30,"column":29}},{"start":{"line":30,"column":33},"end":{"line":30,"column":null}}],"line":30},"5":{"loc":{"start":{"line":33,"column":20},"end":{"line":33,"column":null}},"type":"binary-expr","locations":[{"start":{"line":33,"column":20},"end":{"line":33,"column":29}},{"start":{"line":33,"column":33},"end":{"line":33,"column":null}}],"line":33},"6":{"loc":{"start":{"line":46,"column":20},"end":{"line":46,"column":null}},"type":"binary-expr","locations":[{"start":{"line":46,"column":20},"end":{"line":46,"column":29}},{"start":{"line":46,"column":33},"end":{"line":46,"column":null}}],"line":46}},"s":{"0":4,"1":4,"2":4,"3":4,"4":4,"5":4,"6":2,"7":2,"8":2,"9":2,"10":1,"11":1,"12":1,"13":1,"14":2,"15":4,"16":1,"17":1,"18":1,"19":1,"20":1,"21":0,"22":0,"23":4,"24":1,"25":1,"26":1,"27":1,"28":1,"29":1,"30":0,"31":0,"32":1,"33":4,"34":0,"35":4},"f":{"0":4,"1":2,"2":1,"3":1,"4":0},"b":{"0":[1,0],"1":[1],"2":[1],"3":[1,0],"4":[1,0],"5":[0,0],"6":[0,0]},"meta":{"lastBranch":7,"lastFunction":5,"lastStatement":36,"seen":{"f:4:16:4:35":0,"s:5:17:5:Infinity":0,"s:6:15:6:Infinity":1,"s:7:16:7:Infinity":2,"s:8:17:8:Infinity":3,"s:9:15:9:Infinity":4,"s:11:22:24:Infinity":5,"f:11:22:11:27":1,"s:12:4:12:Infinity":6,"s:13:4:13:Infinity":7,"s:14:4:23:Infinity":8,"s:15:18:15:Infinity":9,"s:16:6:16:Infinity":10,"s:17:6:17:Infinity":11,"s:19:6:19:Infinity":12,"b:19:20:19:29:19:33:19:Infinity":0,"s:20:6:20:Infinity":13,"s:22:6:22:Infinity":14,"s:26:23:36:Infinity":15,"f:26:23:26:28":2,"b:26:37:26:38":1,"b:26:51:26:53":2,"s:27:4:35:Infinity":16,"s:28:18:28:Infinity":17,"s:29:6:29:Infinity":18,"b:29:22:29:30:29:34:29:Infinity":3,"s:30:6:30:Infinity":19,"b:30:20:30:29:30:33:30:Infinity":4,"s:31:6:31:Infinity":20,"s:33:6:33:Infinity":21,"b:33:20:33:29:33:33:33:Infinity":5,"s:34:6:34:Infinity":22,"s:38:23:51:Infinity":23,"f:38:23:38:28":3,"s:39:4:39:Infinity":24,"s:40:4:40:Infinity":25,"s:41:4:50:Infinity":26,"s:42:18:42:Infinity":27,"s:43:6:43:Infinity":28,"s:44:6:44:Infinity":29,"s:46:6:46:Infinity":30,"b:46:20:46:29:46:33:46:Infinity":6,"s:47:6:47:Infinity":31,"s:49:6:49:Infinity":32,"s:53:22:55:Infinity":33,"f:53:22:53:23":4,"s:54:4:54:Infinity":34,"s:57:2:67:Infinity":35}}}
,"/Users/ali/dev/cc-smart-procurement/frontend/src/composables/useDraftCache.js": {"path":"/Users/ali/dev/cc-smart-procurement/frontend/src/composables/useDraftCache.js","statementMap":{"0":{"start":{"line":4,"column":15},"end":{"line":4,"column":null}},"1":{"start":{"line":6,"column":20},"end":{"line":15,"column":null}},"2":{"start":{"line":7,"column":4},"end":{"line":14,"column":null}},"3":{"start":{"line":8,"column":18},"end":{"line":8,"column":null}},"4":{"start":{"line":9,"column":6},"end":{"line":9,"column":null}},"5":{"start":{"line":9,"column":16},"end":{"line":9,"column":null}},"6":{"start":{"line":10,"column":21},"end":{"line":10,"column":null}},"7":{"start":{"line":11,"column":6},"end":{"line":11,"column":null}},"8":{"start":{"line":13,"column":6},"end":{"line":13,"column":null}},"9":{"start":{"line":17,"column":21},"end":{"line":20,"column":null}},"10":{"start":{"line":18,"column":4},"end":{"line":18,"column":null}},"11":{"start":{"line":19,"column":4},"end":{"line":19,"column":null}},"12":{"start":{"line":22,"column":1},"end":{"line":28,"column":null}},"13":{"start":{"line":25,"column":6},"end":{"line":25,"column":null}},"14":{"start":{"line":30,"column":2},"end":{"line":34,"column":null}}},"fnMap":{"0":{"name":"useDraftCache","decl":{"start":{"line":3,"column":16},"end":{"line":3,"column":29}},"loc":{"start":{"line":3,"column":56},"end":{"line":35,"column":null}},"line":3},"1":{"name":"(anonymous_1)","decl":{"start":{"line":6,"column":20},"end":{"line":6,"column":21}},"loc":{"start":{"line":6,"column":26},"end":{"line":15,"column":null}},"line":6},"2":{"name":"(anonymous_2)","decl":{"start":{"line":17,"column":21},"end":{"line":17,"column":22}},"loc":{"start":{"line":17,"column":27},"end":{"line":20,"column":null}},"line":17},"3":{"name":"(anonymous_3)","decl":{"start":{"line":24,"column":4},"end":{"line":24,"column":5}},"loc":{"start":{"line":24,"column":15},"end":{"line":26,"column":5}},"line":24}},"branchMap":{"0":{"loc":{"start":{"line":9,"column":6},"end":{"line":9,"column":null}},"type":"if","locations":[{"start":{"line":9,"column":6},"end":{"line":9,"column":null}},{"start":{},"end":{}}],"line":9}},"s":{"0":3,"1":3,"2":1,"3":1,"4":1,"5":0,"6":1,"7":1,"8":0,"9":3,"10":1,"11":1,"12":3,"13":4,"14":3},"f":{"0":3,"1":1,"2":1,"3":4},"b":{"0":[0,1]},"meta":{"lastBranch":1,"lastFunction":4,"lastStatement":15,"seen":{"f:3:16:3:29":0,"s:4:15:4:Infinity":0,"s:6:20:15:Infinity":1,"f:6:20:6:21":1,"s:7:4:14:Infinity":2,"s:8:18:8:Infinity":3,"b:9:6:9:Infinity:undefined:undefined:undefined:undefined":0,"s:9:6:9:Infinity":4,"s:9:16:9:Infinity":5,"s:10:21:10:Infinity":6,"s:11:6:11:Infinity":7,"s:13:6:13:Infinity":8,"s:17:21:20:Infinity":9,"f:17:21:17:22":2,"s:18:4:18:Infinity":10,"s:19:4:19:Infinity":11,"s:22:1:28:Infinity":12,"f:24:4:24:5":3,"s:25:6:25:Infinity":13,"s:30:2:34:Infinity":14}}}
}
